2017-05-02 20:58:24,518 INFO o.s.w.c.ContextLoader [main] Root WebApplicationContext: initialization started
2017-05-02 20:58:24,864 INFO o.s.w.c.s.XmlWebApplicationContext [main] Refreshing Root WebApplicationContext: startup date [Tue May 02 20:58:24 CST 2017]; root of context hierarchy
2017-05-02 20:58:24,925 INFO o.s.b.f.x.XmlBeanDefinitionReader [main] Loading XML bean definitions from URL [file:/D:/DKP/target/classes/applicationContext.xml]
2017-05-02 20:58:25,350 INFO o.s.b.f.x.XmlBeanDefinitionReader [main] Loading XML bean definitions from URL [file:/D:/DKP/target/classes/applicationContext-shiro.xml]
2017-05-02 20:58:25,375 INFO o.s.b.f.s.DefaultListableBeanFactory [main] Overriding bean definition for bean 'formAuthenticationFilter' with a different definition: replacing [Generic bean: class [com.dkp.common.auth.FormAuthenticationFilter]; scope=singleton; abstract=false; lazyInit=false; autowireMode=0; dependencyCheck=0; autowireCandidate=true; primary=false; factoryBeanName=null; factoryMethodName=null; initMethodName=null; destroyMethodName=null; defined in file [D:\DKP\target\classes\com\dkp\common\auth\FormAuthenticationFilter.class]] with [Generic bean: class [com.dkp.common.auth.FormAuthenticationFilter]; scope=; abstract=false; lazyInit=false; autowireMode=0; dependencyCheck=0; autowireCandidate=true; primary=false; factoryBeanName=null; factoryMethodName=null; initMethodName=null; destroyMethodName=null; defined in URL [file:/D:/DKP/target/classes/applicationContext-shiro.xml]]
2017-05-02 20:58:25,377 INFO o.s.b.f.s.DefaultListableBeanFactory [main] Overriding bean definition for bean 'monitorRealm' with a different definition: replacing [Generic bean: class [com.dkp.common.auth.MonitorRealm]; scope=singleton; abstract=false; lazyInit=false; autowireMode=0; dependencyCheck=0; autowireCandidate=true; primary=false; factoryBeanName=null; factoryMethodName=null; initMethodName=null; destroyMethodName=null; defined in file [D:\DKP\target\classes\com\dkp\common\auth\MonitorRealm.class]] with [Generic bean: class [com.dkp.common.auth.MonitorRealm]; scope=; abstract=false; lazyInit=false; autowireMode=0; dependencyCheck=0; autowireCandidate=true; primary=false; factoryBeanName=null; factoryMethodName=null; initMethodName=null; destroyMethodName=null; defined in URL [file:/D:/DKP/target/classes/applicationContext-shiro.xml]]
2017-05-02 20:58:25,648 INFO o.s.b.f.c.PropertyPlaceholderConfigurer [main] Loading properties file from class path resource [app-test.properties]
2017-05-02 20:58:25,658 INFO o.s.b.f.a.AutowiredAnnotationBeanPostProcessor [main] JSR-330 'javax.inject.Inject' annotation found and supported for autowiring
2017-05-02 20:58:26,745 INFO o.s.c.s.PostProcessorRegistrationDelegate$BeanPostProcessorChecker [main] Bean 'org.apache.shiro.spring.security.interceptor.AuthorizationAttributeSourceAdvisor#0' of type [class org.apache.shiro.spring.security.interceptor.AuthorizationAttributeSourceAdvisor] is not eligible for getting processed by all BeanPostProcessors (for example: not eligible for auto-proxying)
2017-05-02 20:58:26,780 INFO o.s.c.s.PostProcessorRegistrationDelegate$BeanPostProcessorChecker [main] Bean 'org.springframework.beans.factory.config.MethodInvokingFactoryBean#0' of type [class org.springframework.beans.factory.config.MethodInvokingFactoryBean] is not eligible for getting processed by all BeanPostProcessors (for example: not eligible for auto-proxying)
2017-05-02 20:58:26,932 ERROR c.a.d.p.DruidAbstractDataSource [main] maxIdle is deprecated
2017-05-02 20:58:26,935 INFO o.s.c.s.PostProcessorRegistrationDelegate$BeanPostProcessorChecker [main] Bean 'dataSource' of type [class com.alibaba.druid.pool.DruidDataSource] is not eligible for getting processed by all BeanPostProcessors (for example: not eligible for auto-proxying)
2017-05-02 20:58:27,855 INFO o.s.c.s.PostProcessorRegistrationDelegate$BeanPostProcessorChecker [main] Bean 'sqlSessionFactory' of type [class org.mybatis.spring.SqlSessionFactoryBean] is not eligible for getting processed by all BeanPostProcessors (for example: not eligible for auto-proxying)
2017-05-02 20:58:27,856 INFO o.s.c.s.PostProcessorRegistrationDelegate$BeanPostProcessorChecker [main] Bean 'sqlSessionFactory' of type [class org.apache.ibatis.session.defaults.DefaultSqlSessionFactory] is not eligible for getting processed by all BeanPostProcessors (for example: not eligible for auto-proxying)
2017-05-02 20:58:27,861 INFO o.s.c.s.PostProcessorRegistrationDelegate$BeanPostProcessorChecker [main] Bean 'activityInfoMapper' of type [class org.mybatis.spring.mapper.MapperFactoryBean] is not eligible for getting processed by all BeanPostProcessors (for example: not eligible for auto-proxying)
2017-05-02 20:58:27,864 INFO o.s.c.s.PostProcessorRegistrationDelegate$BeanPostProcessorChecker [main] Bean 'gameInfoMapper' of type [class org.mybatis.spring.mapper.MapperFactoryBean] is not eligible for getting processed by all BeanPostProcessors (for example: not eligible for auto-proxying)
2017-05-02 20:58:27,866 INFO o.s.c.s.PostProcessorRegistrationDelegate$BeanPostProcessorChecker [main] Bean 'systemLogMapper' of type [class org.mybatis.spring.mapper.MapperFactoryBean] is not eligible for getting processed by all BeanPostProcessors (for example: not eligible for auto-proxying)
2017-05-02 20:58:27,869 INFO o.s.c.s.PostProcessorRegistrationDelegate$BeanPostProcessorChecker [main] Bean 'teamInfoMapper' of type [class org.mybatis.spring.mapper.MapperFactoryBean] is not eligible for getting processed by all BeanPostProcessors (for example: not eligible for auto-proxying)
2017-05-02 20:58:27,871 INFO o.s.c.s.PostProcessorRegistrationDelegate$BeanPostProcessorChecker [main] Bean 'userInfoMapper' of type [class org.mybatis.spring.mapper.MapperFactoryBean] is not eligible for getting processed by all BeanPostProcessors (for example: not eligible for auto-proxying)
2017-05-02 20:58:27,885 INFO o.s.c.s.PostProcessorRegistrationDelegate$BeanPostProcessorChecker [main] Bean 'userInfoMapper' of type [class com.sun.proxy.$Proxy42] is not eligible for getting processed by all BeanPostProcessors (for example: not eligible for auto-proxying)
2017-05-02 20:58:27,893 INFO o.s.c.s.PostProcessorRegistrationDelegate$BeanPostProcessorChecker [main] Bean 'gameInfoMapper' of type [class com.sun.proxy.$Proxy44] is not eligible for getting processed by all BeanPostProcessors (for example: not eligible for auto-proxying)
2017-05-02 20:58:27,894 INFO o.s.c.s.PostProcessorRegistrationDelegate$BeanPostProcessorChecker [main] Bean 'gameInfoService' of type [class com.dkp.service.GameInfoService] is not eligible for getting processed by all BeanPostProcessors (for example: not eligible for auto-proxying)
2017-05-02 20:58:27,896 INFO o.s.c.s.PostProcessorRegistrationDelegate$BeanPostProcessorChecker [main] Bean 'userInfoService' of type [class com.dkp.service.UserInfoService] is not eligible for getting processed by all BeanPostProcessors (for example: not eligible for auto-proxying)
2017-05-02 20:58:27,896 INFO o.s.c.s.PostProcessorRegistrationDelegate$BeanPostProcessorChecker [main] Bean 'monitorRealm' of type [class com.dkp.common.auth.MonitorRealm] is not eligible for getting processed by all BeanPostProcessors (for example: not eligible for auto-proxying)
2017-05-02 20:58:27,903 INFO o.s.c.s.PostProcessorRegistrationDelegate$BeanPostProcessorChecker [main] Bean 'securityManager' of type [class org.apache.shiro.web.mgt.DefaultWebSecurityManager] is not eligible for getting processed by all BeanPostProcessors (for example: not eligible for auto-proxying)
2017-05-02 20:58:28,328 INFO o.s.c.s.PostProcessorRegistrationDelegate$BeanPostProcessorChecker [main] Bean 'formAuthenticationFilter' of type [class com.dkp.common.auth.FormAuthenticationFilter] is not eligible for getting processed by all BeanPostProcessors (for example: not eligible for auto-proxying)
2017-05-02 20:58:28,457 INFO o.s.c.s.PostProcessorRegistrationDelegate$BeanPostProcessorChecker [main] Bean 'authFilter' of type [class com.dkp.common.auth.AuthUserFilter] is not eligible for getting processed by all BeanPostProcessors (for example: not eligible for auto-proxying)
2017-05-02 20:58:28,987 INFO o.s.w.c.ContextLoader [main] Root WebApplicationContext: initialization completed in 4414 ms
2017-05-02 20:58:29,218 INFO o.s.w.s.DispatcherServlet [main] FrameworkServlet 'SpringMVC': initialization started
2017-05-02 20:58:29,223 INFO o.s.w.c.s.XmlWebApplicationContext [main] Refreshing WebApplicationContext for namespace 'SpringMVC-servlet': startup date [Tue May 02 20:58:29 CST 2017]; parent: Root WebApplicationContext
2017-05-02 20:58:29,229 INFO o.s.b.f.x.XmlBeanDefinitionReader [main] Loading XML bean definitions from class path resource [applicationContext-mvc.xml]
2017-05-02 20:58:29,359 INFO o.s.b.f.a.AutowiredAnnotationBeanPostProcessor [main] JSR-330 'javax.inject.Inject' annotation found and supported for autowiring
2017-05-02 20:58:29,559 INFO o.s.w.s.m.m.a.RequestMappingHandlerMapping [main] Mapped "{[/console/dkp/list]}" onto public java.util.List<com.dkp.model.DkpOrgInfoPage> com.dkp.controller.dkp.DkpOrgController.getDkpList()
2017-05-02 20:58:29,560 INFO o.s.w.s.m.m.a.RequestMappingHandlerMapping [main] Mapped "{[/console/dkp/activity]}" onto public java.util.List<com.dkp.entity.Activity> com.dkp.controller.dkp.DkpOrgController.selectActivityInfoList(java.lang.Integer,java.lang.Integer)
2017-05-02 20:58:29,560 INFO o.s.w.s.m.m.a.RequestMappingHandlerMapping [main] Mapped "{[/console/dkp/team]}" onto public java.util.List<com.dkp.entity.TeamInfo> com.dkp.controller.dkp.DkpOrgController.selectTeamInfoList(java.lang.Integer)
2017-05-02 20:58:29,561 INFO o.s.w.s.m.m.a.RequestMappingHandlerMapping [main] Mapped "{[/]}" onto public java.lang.String com.dkp.controller.login.LoginController.root()
2017-05-02 20:58:29,562 INFO o.s.w.s.m.m.a.RequestMappingHandlerMapping [main] Mapped "{[/login],methods=[POST]}" onto public java.lang.String com.dkp.controller.login.LoginController.userLogin()
2017-05-02 20:58:29,562 INFO o.s.w.s.m.m.a.RequestMappingHandlerMapping [main] Mapped "{[/index],methods=[GET]}" onto public java.lang.String com.dkp.controller.login.LoginController.userIndex()
2017-05-02 20:58:29,562 INFO o.s.w.s.m.m.a.RequestMappingHandlerMapping [main] Mapped "{[/login],methods=[GET]}" onto public java.lang.String com.dkp.controller.login.LoginController.login()
2017-05-02 20:58:30,290 INFO o.s.w.s.m.m.a.RequestMappingHandlerAdapter [main] Looking for @ControllerAdvice: WebApplicationContext for namespace 'SpringMVC-servlet': startup date [Tue May 02 20:58:29 CST 2017]; parent: Root WebApplicationContext
2017-05-02 20:58:30,372 INFO o.s.w.s.m.m.a.RequestMappingHandlerAdapter [main] Looking for @ControllerAdvice: WebApplicationContext for namespace 'SpringMVC-servlet': startup date [Tue May 02 20:58:29 CST 2017]; parent: Root WebApplicationContext
2017-05-02 20:58:30,532 INFO o.s.w.s.h.SimpleUrlHandlerMapping [main] Mapped URL path [/static/**] onto handler 'org.springframework.web.servlet.resource.ResourceHttpRequestHandler#0'
2017-05-02 20:58:30,545 INFO o.s.w.s.h.SimpleUrlHandlerMapping [main] Mapped URL path [/**] onto handler 'org.springframework.web.servlet.resource.DefaultServletHttpRequestHandler#0'
2017-05-02 20:58:30,690 INFO o.s.w.s.DispatcherServlet [main] FrameworkServlet 'SpringMVC': initialization completed in 1472 ms
